{"numFailedTestSuites":0,"numFailedTests":0,"numPassedTestSuites":12,"numPassedTests":93,"numPendingTestSuites":0,"numPendingTests":0,"numRuntimeErrorTestSuites":0,"numTodoTests":0,"numTotalTestSuites":12,"numTotalTests":93,"openHandles":[],"snapshot":{"added":0,"didUpdate":false,"failure":false,"filesAdded":0,"filesRemoved":0,"filesRemovedList":[],"filesUnmatched":0,"filesUpdated":0,"matched":0,"total":0,"unchecked":0,"uncheckedKeysByFile":[],"unmatched":0,"updated":0},"startTime":1788686217993,"success":true,"testResults":[{"assertionResults":[{"ancestorTitles":["Registration Integration Tests","Free Event Registration"],"duration":1184,"failing":false,"failureDetails":[],"failureMessages":[],"fullName":"Registration Integration Tests Free Event Registration should allow a user to register for a free event","invocations":1,"location":null,"numPassingAsserts":3,"retryReasons":[],"startAt":1788686220924,"status":"passed","title":"should allow a user to register for a free event"},{"ancestorTitles":["Registration Integration Tests","Free Event Registration"],"duration":1030,"failing":false,"failureDetails":[],"failureMessages":[],"fullName":"Registration Integration Tests Free Event Registration should prevent duplicate registration","invocations":1,"location":null,"numPassingAsserts":0,"retryReasons":[],"startAt":1788686222110,"status":"passed","title":"should prevent duplicate registration"},{"ancestorTitles":["Registration Integration Tests","Free Event Registration"],"duration":8403,"failing":false,"failureDetails":[],"failureMessages":[],"fullName":"Registration Integration Tests Free Event Registration should allow unlimited registrations concurrently if maxParticipants is null","invocations":1,"location":null,"numPassingAsserts":2,"retryReasons":[],"startAt":1788686223140,"status":"passed","title":"should allow unlimited registrations concurrently if maxParticipants is null"},{"ancestorTitles":["Registration Integration Tests","Paid Event Registration"],"duration":970,"failing":false,"failureDetails":[],"failureMessages":[],"fullName":"Registration Integration Tests Paid Event Registration should fail to register if screenshot is not provided","invocations":1,"location":null,"numPassingAsserts":2,"retryReasons":[],"startAt":1788686231544,"status":"passed","title":"should fail to register if screenshot is not provided"},{"ancestorTitles":["Registration Integration Tests","Paid Event Registration"],"duration":996,"failing":false,"failureDetails":[],"failureMessages":[],"fullName":"Registration Integration Tests Paid Event Registration should successfully create pending registration and payment if screenshot is provided","invocations":1,"location":null,"numPassingAsserts":5,"retryReasons":[],"startAt":1788686232514,"status":"passed","title":"should successfully create pending registration and payment if screenshot is provided"},{"ancestorTitles":["Registration Integration Tests","Admin Verification Flow"],"duration":1594,"failing":false,"failureDetails":[],"failureMessages":[],"fullName":"Registration Integration Tests Admin Verification Flow should allow admin to retrieve pending registrations","invocations":1,"location":null,"numPassingAsserts":3,"retryReasons":[],"startAt":1788686233511,"status":"passed","title":"should allow admin to retrieve pending registrations"},{"ancestorTitles":["Registration Integration Tests","Admin Verification Flow"],"duration":1576,"failing":false,"failureDetails":[],"failureMessages":[],"fullName":"Registration Integration Tests Admin Verification Flow should allow admin to retrieve payment screenshot","invocations":1,"location":null,"numPassingAsserts":2,"retryReasons":[],"startAt":1788686235105,"status":"passed","title":"should allow admin to retrieve payment screenshot"},{"ancestorTitles":["Registration Integration Tests","Admin Verification Flow"],"duration":1553,"failing":false,"failureDetails":[],"failureMessages":[],"fullName":"Registration Integration Tests Admin Verification Flow should prevent normal participant from fetching payment screenshot","invocations":1,"location":null,"numPassingAsserts":1,"retryReasons":[],"startAt":1788686236681,"status":"passed","title":"should prevent normal participant from fetching payment screenshot"},{"ancestorTitles":["Registration Integration Tests","Admin Verification Flow"],"duration":3159,"failing":false,"failureDetails":[],"failureMessages":[],"fullName":"Registration Integration Tests Admin Verification Flow should allow admin to approve registration","invocations":1,"location":null,"numPassingAsserts":5,"retryReasons":[],"startAt":1788686238235,"status":"passed","title":"should allow admin to approve registration"},{"ancestorTitles":["Registration Integration Tests","Admin Verification Flow"],"duration":1550,"failing":false,"failureDetails":[],"failureMessages":[],"fullName":"Registration Integration Tests Admin Verification Flow should allow admin to reject registration with reason","invocations":1,"location":null,"numPassingAsserts":6,"retryReasons":[],"startAt":1788686241395,"status":"passed","title":"should allow admin to reject registration with reason"}],"endTime":1788686243443,"message":"","name":"N:\\FestSphere\\backend\\tests\\integration\\registration.test.js","startTime":1788686218039,"status":"passed","summary":""},{"assertionResults":[{"ancestorTitles":["Payment Integration Tests (Manual UPI Architecture)","A. Manual Payment Creation"],"duration":1093,"failing":false,"failureDetails":[],"failureMessages":[],"fullName":"Payment Integration Tests (Manual UPI Architecture) A. Manual Payment Creation creates a PENDING payment and registration associated with screenshot","invocations":1,"location":null,"numPassingAsserts":10,"retryReasons":[],"startAt":1788686245944,"status":"passed","title":"creates a PENDING payment and registration associated with screenshot"},{"ancestorTitles":["Payment Integration Tests (Manual UPI Architecture)","B. Unauthorized Approval"],"duration":1044,"failing":false,"failureDetails":[],"failureMessages":[],"fullName":"Payment Integration Tests (Manual UPI Architecture) B. Unauthorized Approval ordinary participant cannot approve payment","invocations":1,"location":null,"numPassingAsserts":2,"retryReasons":[],"startAt":1788686247038,"status":"passed","title":"ordinary participant cannot approve payment"},{"ancestorTitles":["Payment Integration Tests (Manual UPI Architecture)","C. Admin Approval & F. Downstream Success Flow"],"duration":2780,"failing":false,"failureDetails":[],"failureMessages":[],"fullName":"Payment Integration Tests (Manual UPI Architecture) C. Admin Approval & F. Downstream Success Flow admin can approve, changing status to PAID and triggering downstream logic","invocations":1,"location":null,"numPassingAsserts":6,"retryReasons":[],"startAt":1788686248082,"status":"passed","title":"admin can approve, changing status to PAID and triggering downstream logic"},{"ancestorTitles":["Payment Integration Tests (Manual UPI Architecture)","D. Duplicate Approval Protection"],"duration":2790,"failing":false,"failureDetails":[],"failureMessages":[],"fullName":"Payment Integration Tests (Manual UPI Architecture) D. Duplicate Approval Protection second approval is rejected safely","invocations":1,"location":null,"numPassingAsserts":2,"retryReasons":[],"startAt":1788686250863,"status":"passed","title":"second approval is rejected safely"},{"ancestorTitles":["Payment Integration Tests (Manual UPI Architecture)","E. Rejection"],"duration":1242,"failing":false,"failureDetails":[],"failureMessages":[],"fullName":"Payment Integration Tests (Manual UPI Architecture) E. Rejection admin can reject, setting status to REJECTED/FAILED with reason preserved","invocations":1,"location":null,"numPassingAsserts":5,"retryReasons":[],"startAt":1788686253654,"status":"passed","title":"admin can reject, setting status to REJECTED/FAILED with reason preserved"},{"ancestorTitles":["Payment Integration Tests (Manual UPI Architecture)","G. Business Rules & Receipt Generation"],"duration":999,"failing":false,"failureDetails":[],"failureMessages":[],"fullName":"Payment Integration Tests (Manual UPI Architecture) G. Business Rules & Receipt Generation no UTR or Razorpay required for payment validation","invocations":1,"location":null,"numPassingAsserts":1,"retryReasons":[],"startAt":1788686254896,"status":"passed","title":"no UTR or Razorpay required for payment validation"},{"ancestorTitles":["Payment Integration Tests (Manual UPI Architecture)","G. Business Rules & Receipt Generation"],"duration":3971,"failing":false,"failureDetails":[],"failureMessages":[],"fullName":"Payment Integration Tests (Manual UPI Architecture) G. Business Rules & Receipt Generation can generate receipt for PAID payments","invocations":1,"location":null,"numPassingAsserts":2,"retryReasons":[],"startAt":1788686255895,"status":"passed","title":"can generate receipt for PAID payments"}],"endTime":1788686260397,"message":"","name":"N:\\FestSphere\\backend\\tests\\integration\\payment.test.js","startTime":1788686243470,"status":"passed","summary":""},{"assertionResults":[{"ancestorTitles":["Accommodation Payment Integration Tests (Manual UPI Architecture)","A. Manual Payment Creation"],"duration":1054,"failing":false,"failureDetails":[],"failureMessages":[],"fullName":"Accommodation Payment Integration Tests (Manual UPI Architecture) A. Manual Payment Creation creates a PENDING accommodation booking and payment with screenshot","invocations":1,"location":null,"numPassingAsserts":11,"retryReasons":[],"startAt":1788686262936,"status":"passed","title":"creates a PENDING accommodation booking and payment with screenshot"},{"ancestorTitles":["Accommodation Payment Integration Tests (Manual UPI Architecture)","A. Manual Payment Creation"],"duration":3234,"failing":false,"failureDetails":[],"failureMessages":[],"fullName":"Accommodation Payment Integration Tests (Manual UPI Architecture) A. Manual Payment Creation allows 15 simultaneous accommodation bookings without capacity limits","invocations":1,"location":null,"numPassingAsserts":2,"retryReasons":[],"startAt":1788686263991,"status":"passed","title":"allows 15 simultaneous accommodation bookings without capacity limits"},{"ancestorTitles":["Accommodation Payment Integration Tests (Manual UPI Architecture)","A.1. Date and Price Calculation"],"duration":943,"failing":false,"failureDetails":[],"failureMessages":[],"fullName":"Accommodation Payment Integration Tests (Manual UPI Architecture) A.1. Date and Price Calculation calculates 1 day for 28 Sep to 29 Sep (₹200)","invocations":1,"location":null,"numPassingAsserts":3,"retryReasons":[],"startAt":1788686267226,"status":"passed","title":"calculates 1 day for 28 Sep to 29 Sep (₹200)"},{"ancestorTitles":["Accommodation Payment Integration Tests (Manual UPI Architecture)","A.1. Date and Price Calculation"],"duration":934,"failing":false,"failureDetails":[],"failureMessages":[],"fullName":"Accommodation Payment Integration Tests (Manual UPI Architecture) A.1. Date and Price Calculation calculates 2 days for 28 Sep to 30 Sep (₹400)","invocations":1,"location":null,"numPassingAsserts":3,"retryReasons":[],"startAt":1788686268169,"status":"passed","title":"calculates 2 days for 28 Sep to 30 Sep (₹400)"},{"ancestorTitles":["Accommodation Payment Integration Tests (Manual UPI Architecture)","A.1. Date and Price Calculation"],"duration":944,"failing":false,"failureDetails":[],"failureMessages":[],"fullName":"Accommodation Payment Integration Tests (Manual UPI Architecture) A.1. Date and Price Calculation calculates 3 days for 28 Sep to 01 Oct (₹600)","invocations":1,"location":null,"numPassingAsserts":3,"retryReasons":[],"startAt":1788686269103,"status":"passed","title":"calculates 3 days for 28 Sep to 01 Oct (₹600)"},{"ancestorTitles":["Accommodation Payment Integration Tests (Manual UPI Architecture)","A.1. Date and Price Calculation"],"duration":1082,"failing":false,"failureDetails":[],"failureMessages":[],"fullName":"Accommodation Payment Integration Tests (Manual UPI Architecture) A.1. Date and Price Calculation calculates 4 days for 28 Sep to 02 Oct (₹800)","invocations":1,"location":null,"numPassingAsserts":3,"retryReasons":[],"startAt":1788686270047,"status":"passed","title":"calculates 4 days for 28 Sep to 02 Oct (₹800)"},{"ancestorTitles":["Accommodation Payment Integration Tests (Manual UPI Architecture)","A.1. Date and Price Calculation"],"duration":1019,"failing":false,"failureDetails":[],"failureMessages":[],"fullName":"Accommodation Payment Integration Tests (Manual UPI Architecture) A.1. Date and Price Calculation rejects booking if check-in and check-out are the same day","invocations":1,"location":null,"numPassingAsserts":2,"retryReasons":[],"startAt":1788686271129,"status":"passed","title":"rejects booking if check-in and check-out are the same day"},{"ancestorTitles":["Accommodation Payment Integration Tests (Manual UPI Architecture)","A.1. Date and Price Calculation"],"duration":1179,"failing":false,"failureDetails":[],"failureMessages":[],"fullName":"Accommodation Payment Integration Tests (Manual UPI Architecture) A.1. Date and Price Calculation rejects booking if check-out is before check-in","invocations":1,"location":null,"numPassingAsserts":2,"retryReasons":[],"startAt":1788686272148,"status":"passed","title":"rejects booking if check-out is before check-in"},{"ancestorTitles":["Accommodation Payment Integration Tests (Manual UPI Architecture)","B. Admin Approval"],"duration":1101,"failing":false,"failureDetails":[],"failureMessages":[],"fullName":"Accommodation Payment Integration Tests (Manual UPI Architecture) B. Admin Approval admin can mark accommodation payment as PAID and confirm booking","invocations":1,"location":null,"numPassingAsserts":6,"retryReasons":[],"startAt":1788686273327,"status":"passed","title":"admin can mark accommodation payment as PAID and confirm booking"},{"ancestorTitles":["Accommodation Payment Integration Tests (Manual UPI Architecture)","C. Admin Rejection"],"duration":2346,"failing":false,"failureDetails":[],"failureMessages":[],"fullName":"Accommodation Payment Integration Tests (Manual UPI Architecture) C. Admin Rejection admin can reject accommodation booking which marks payment as failed and deletes screenshot","invocations":1,"location":null,"numPassingAsserts":8,"retryReasons":[],"startAt":1788686274429,"status":"passed","title":"admin can reject accommodation booking which marks payment as failed and deletes screenshot"}],"endTime":1788686277666,"message":"","name":"N:\\FestSphere\\backend\\tests\\integration\\accommodation.payment.test.js","startTime":1788686260410,"status":"passed","summary":""},{"assertionResults":[{"ancestorTitles":["Team Integration Tests","Team Creation and Joining"],"duration":1596,"failing":false,"failureDetails":[],"failureMessages":[],"fullName":"Team Integration Tests Team Creation and Joining should allow a user to create a team","invocations":1,"location":null,"numPassingAsserts":2,"retryReasons":[],"startAt":1788686282289,"status":"passed","title":"should allow a user to create a team"},{"ancestorTitles":["Team Integration Tests","Team Creation and Joining"],"duration":1553,"failing":false,"failureDetails":[],"failureMessages":[],"fullName":"Team Integration Tests Team Creation and Joining should prevent duplicate team creation by same user","invocations":1,"location":null,"numPassingAsserts":0,"retryReasons":[],"startAt":1788686283887,"status":"passed","title":"should prevent duplicate team creation by same user"},{"ancestorTitles":["Team Integration Tests","Team Creation and Joining"],"duration":21610,"failing":false,"failureDetails":[],"failureMessages":[],"fullName":"Team Integration Tests Team Creation and Joining should enforce team capacity under concurrency","invocations":1,"location":null,"numPassingAsserts":2,"retryReasons":[],"startAt":1788686285441,"status":"passed","title":"should enforce team capacity under concurrency"}],"endTime":1788686307947,"message":"","name":"N:\\FestSphere\\backend\\tests\\integration\\team.test.js","startTime":1788686277673,"status":"passed","summary":""},{"assertionResults":[{"ancestorTitles":["Team Ticket and Guest Access Integration Tests"],"duration":210,"failing":false,"failureDetails":[],"failureMessages":[],"fullName":"Team Ticket and Guest Access Integration Tests Test 1 & 2: Individual registration -> generate -> retry -> exactly 1 ticket","invocations":1,"location":null,"numPassingAsserts":4,"retryReasons":[],"startAt":1788686312359,"status":"passed","title":"Test 1 & 2: Individual registration -> generate -> retry -> exactly 1 ticket"},{"ancestorTitles":["Team Ticket and Guest Access Integration Tests"],"duration":149,"failing":false,"failureDetails":[],"failureMessages":[],"fullName":"Team Ticket and Guest Access Integration Tests Test 3 & 4: Team with 3 members -> generate -> retry -> exactly 3 tickets","invocations":1,"location":null,"numPassingAsserts":6,"retryReasons":[],"startAt":1788686312571,"status":"passed","title":"Test 3 & 4: Team with 3 members -> generate -> retry -> exactly 3 tickets"},{"ancestorTitles":["Team Ticket and Guest Access Integration Tests"],"duration":130,"failing":false,"failureDetails":[],"failureMessages":[],"fullName":"Team Ticket and Guest Access Integration Tests Test 5 & 6 & 7: Partial team generation and retention","invocations":1,"location":null,"numPassingAsserts":6,"retryReasons":[],"startAt":1788686312721,"status":"passed","title":"Test 5 & 6 & 7: Partial team generation and retention"},{"ancestorTitles":["Team Ticket and Guest Access Integration Tests"],"duration":112,"failing":false,"failureDetails":[],"failureMessages":[],"fullName":"Team Ticket and Guest Access Integration Tests Test 8: Verify every ticket has unique ticketNumber, unique qrToken, correct teamMemberId","invocations":1,"location":null,"numPassingAsserts":5,"retryReasons":[],"startAt":1788686312851,"status":"passed","title":"Test 8: Verify every ticket has unique ticketNumber, unique qrToken, correct teamMemberId"},{"ancestorTitles":["Team Ticket and Guest Access Integration Tests"],"duration":102,"failing":false,"failureDetails":[],"failureMessages":[],"fullName":"Team Ticket and Guest Access Integration Tests Test 9: Simulate duplicate-key race (11000) using retryTicketGeneration","invocations":1,"location":null,"numPassingAsserts":4,"retryReasons":[],"startAt":1788686312964,"status":"passed","title":"Test 9: Simulate duplicate-key race (11000) using retryTicketGeneration"},{"ancestorTitles":["Team Ticket and Guest Access Integration Tests"],"duration":12528,"failing":false,"failureDetails":[],"failureMessages":[],"fullName":"Team Ticket and Guest Access Integration Tests Test 10 & 11: Guest retrieval returns all generated tickets and cross-registration fails","invocations":1,"location":null,"numPassingAsserts":3,"retryReasons":[],"startAt":1788686313067,"status":"passed","title":"Test 10 & 11: Guest retrieval returns all generated tickets and cross-registration fails"},{"ancestorTitles":["Team Ticket and Guest Access Integration Tests"],"duration":145,"failing":false,"failureDetails":[],"failureMessages":[],"fullName":"Team Ticket and Guest Access Integration Tests Test 12 & 13: Invalid and Expired guest token fails","invocations":1,"location":null,"numPassingAsserts":2,"retryReasons":[],"startAt":1788686325596,"status":"passed","title":"Test 12 & 13: Invalid and Expired guest token fails"},{"ancestorTitles":["Team Ticket and Guest Access Integration Tests"],"duration":239,"failing":false,"failureDetails":[],"failureMessages":[],"fullName":"Team Ticket and Guest Access Integration Tests Verify email behavior during retry: does not send duplicate emails","invocations":1,"location":null,"numPassingAsserts":2,"retryReasons":[],"startAt":1788686325742,"status":"passed","title":"Verify email behavior during retry: does not send duplicate emails"}],"endTime":1788686326694,"message":"","name":"N:\\FestSphere\\backend\\tests\\integration\\team.ticket.test.js","startTime":1788686307967,"status":"passed","summary":""},{"assertionResults":[{"ancestorTitles":["Accommodation Integration Tests","Accommodation Booking"],"duration":1587,"failing":false,"failureDetails":[],"failureMessages":[],"fullName":"Accommodation Integration Tests Accommodation Booking should allow a user to book accommodation","invocations":1,"location":null,"numPassingAsserts":2,"retryReasons":[],"startAt":1788686331164,"status":"passed","title":"should allow a user to book accommodation"},{"ancestorTitles":["Accommodation Integration Tests","Accommodation Booking"],"duration":1622,"failing":false,"failureDetails":[],"failureMessages":[],"fullName":"Accommodation Integration Tests Accommodation Booking should prevent duplicate active bookings by the same user","invocations":1,"location":null,"numPassingAsserts":0,"retryReasons":[],"startAt":1788686332753,"status":"passed","title":"should prevent duplicate active bookings by the same user"},{"ancestorTitles":["Accommodation Integration Tests","Accommodation Booking"],"duration":8638,"failing":false,"failureDetails":[],"failureMessages":[],"fullName":"Accommodation Integration Tests Accommodation Booking should allow independent users to book accommodation without capacity limits","invocations":1,"location":null,"numPassingAsserts":1,"retryReasons":[],"startAt":1788686334376,"status":"passed","title":"should allow independent users to book accommodation without capacity limits"},{"ancestorTitles":["Accommodation Integration Tests","Accommodation Booking"],"duration":1504,"failing":false,"failureDetails":[],"failureMessages":[],"fullName":"Accommodation Integration Tests Accommodation Booking should prevent duplicate active bookings for the same registration under concurrency","invocations":1,"location":null,"numPassingAsserts":3,"retryReasons":[],"startAt":1788686343014,"status":"passed","title":"should prevent duplicate active bookings for the same registration under concurrency"}],"endTime":1788686345282,"message":"","name":"N:\\FestSphere\\backend\\tests\\integration\\accommodation.test.js","startTime":1788686326715,"status":"passed","summary":""},{"assertionResults":[{"ancestorTitles":["Authorization Integration Tests","Admin and Faculty Routes Protection"],"duration":1332,"failing":false,"failureDetails":[],"failureMessages":[],"fullName":"Authorization Integration Tests Admin and Faculty Routes Protection should reject student access to admin dashboard","invocations":1,"location":null,"numPassingAsserts":2,"retryReasons":[],"startAt":1788686349799,"status":"passed","title":"should reject student access to admin dashboard"},{"ancestorTitles":["Authorization Integration Tests","Admin and Faculty Routes Protection"],"duration":1316,"failing":false,"failureDetails":[],"failureMessages":[],"fullName":"Authorization Integration Tests Admin and Faculty Routes Protection should reject student access to export routes","invocations":1,"location":null,"numPassingAsserts":0,"retryReasons":[],"startAt":1788686351132,"status":"passed","title":"should reject student access to export routes"},{"ancestorTitles":["Authorization Integration Tests","Unauthenticated Access Protection"],"duration":1302,"failing":false,"failureDetails":[],"failureMessages":[],"fullName":"Authorization Integration Tests Unauthenticated Access Protection should reject unauthenticated access to protected resources","invocations":1,"location":null,"numPassingAsserts":0,"retryReasons":[],"startAt":1788686352448,"status":"passed","title":"should reject unauthenticated access to protected resources"}],"endTime":1788686354274,"message":"","name":"N:\\FestSphere\\backend\\tests\\integration\\authorization.test.js","startTime":1788686345300,"status":"passed","summary":""},{"assertionResults":[{"ancestorTitles":["Auth Integration Tests","POST /api/v1/auth/register"],"duration":752,"failing":false,"failureDetails":[],"failureMessages":[],"fullName":"Auth Integration Tests POST /api/v1/auth/register should register a new user successfully","invocations":1,"location":null,"numPassingAsserts":2,"retryReasons":[],"startAt":1788686358709,"status":"passed","title":"should register a new user successfully"},{"ancestorTitles":["Auth Integration Tests","POST /api/v1/auth/register"],"duration":757,"failing":false,"failureDetails":[],"failureMessages":[],"fullName":"Auth Integration Tests POST /api/v1/auth/register should reject duplicate email","invocations":1,"location":null,"numPassingAsserts":0,"retryReasons":[],"startAt":1788686359462,"status":"passed","title":"should reject duplicate email"},{"ancestorTitles":["Auth Integration Tests","POST /api/v1/auth/login"],"duration":1433,"failing":false,"failureDetails":[],"failureMessages":[],"fullName":"Auth Integration Tests POST /api/v1/auth/login should login successfully with valid credentials","invocations":1,"location":null,"numPassingAsserts":3,"retryReasons":[],"startAt":1788686360220,"status":"passed","title":"should login successfully with valid credentials"},{"ancestorTitles":["Auth Integration Tests","POST /api/v1/auth/login"],"duration":1273,"failing":false,"failureDetails":[],"failureMessages":[],"fullName":"Auth Integration Tests POST /api/v1/auth/login should reject invalid password","invocations":1,"location":null,"numPassingAsserts":0,"retryReasons":[],"startAt":1788686361653,"status":"passed","title":"should reject invalid password"}],"endTime":1788686363443,"message":"","name":"N:\\FestSphere\\backend\\tests\\integration\\auth.test.js","startTime":1788686354292,"status":"passed","summary":""},{"assertionResults":[{"ancestorTitles":["Team Certificate and Guest Access Integration Tests","Guest Certificate Retrieval"],"duration":364,"failing":false,"failureDetails":[],"failureMessages":[],"fullName":"Team Certificate and Guest Access Integration Tests Guest Certificate Retrieval should retrieve individual guest certificate","invocations":1,"location":null,"numPassingAsserts":3,"retryReasons":[],"startAt":1788686367807,"status":"passed","title":"should retrieve individual guest certificate"},{"ancestorTitles":["Team Certificate and Guest Access Integration Tests","Guest Certificate Retrieval"],"duration":144,"failing":false,"failureDetails":[],"failureMessages":[],"fullName":"Team Certificate and Guest Access Integration Tests Guest Certificate Retrieval should reject invalid guest token","invocations":1,"location":null,"numPassingAsserts":1,"retryReasons":[],"startAt":1788686368173,"status":"passed","title":"should reject invalid guest token"},{"ancestorTitles":["Team Certificate and Guest Access Integration Tests","Guest Certificate Retrieval"],"duration":526,"failing":false,"failureDetails":[],"failureMessages":[],"fullName":"Team Certificate and Guest Access Integration Tests Guest Certificate Retrieval should reject cross-registration access","invocations":1,"location":null,"numPassingAsserts":1,"retryReasons":[],"startAt":1788686368318,"status":"passed","title":"should reject cross-registration access"},{"ancestorTitles":["Team Certificate and Guest Access Integration Tests","Team Certificate Generation"],"duration":483,"failing":false,"failureDetails":[],"failureMessages":[],"fullName":"Team Certificate and Guest Access Integration Tests Team Certificate Generation should generate exactly N certificates for a team registration","invocations":1,"location":null,"numPassingAsserts":3,"retryReasons":[],"startAt":1788686368845,"status":"passed","title":"should generate exactly N certificates for a team registration"},{"ancestorTitles":["Team Certificate and Guest Access Integration Tests","Team Certificate Generation"],"duration":600,"failing":false,"failureDetails":[],"failureMessages":[],"fullName":"Team Certificate and Guest Access Integration Tests Team Certificate Generation should not duplicate certificates if disburse is called twice","invocations":1,"location":null,"numPassingAsserts":2,"retryReasons":[],"startAt":1788686369328,"status":"passed","title":"should not duplicate certificates if disburse is called twice"},{"ancestorTitles":["Team Certificate and Guest Access Integration Tests","Team Certificate Generation"],"duration":743,"failing":false,"failureDetails":[],"failureMessages":[],"fullName":"Team Certificate and Guest Access Integration Tests Team Certificate Generation should handle partial team generation recovery","invocations":1,"location":null,"numPassingAsserts":3,"retryReasons":[],"startAt":1788686369928,"status":"passed","title":"should handle partial team generation recovery"},{"ancestorTitles":["Team Certificate and Guest Access Integration Tests","Guest Certificate Download"],"duration":342,"failing":false,"failureDetails":[],"failureMessages":[],"fullName":"Team Certificate and Guest Access Integration Tests Guest Certificate Download should allow downloading the generated PDF","invocations":1,"location":null,"numPassingAsserts":4,"retryReasons":[],"startAt":1788686370672,"status":"passed","title":"should allow downloading the generated PDF"},{"ancestorTitles":["Team Certificate and Guest Access Integration Tests","Guest Certificate Email Delivery"],"duration":256,"failing":false,"failureDetails":[],"failureMessages":[],"fullName":"Team Certificate and Guest Access Integration Tests Guest Certificate Email Delivery should send individual guest certificate email to participantEmail","invocations":1,"location":null,"numPassingAsserts":3,"retryReasons":[],"startAt":1788686371014,"status":"passed","title":"should send individual guest certificate email to participantEmail"},{"ancestorTitles":["Team Certificate and Guest Access Integration Tests","Guest Certificate Email Delivery"],"duration":512,"failing":false,"failureDetails":[],"failureMessages":[],"fullName":"Team Certificate and Guest Access Integration Tests Guest Certificate Email Delivery should send team member certificates individually to each member's participantEmail","invocations":1,"location":null,"numPassingAsserts":4,"retryReasons":[],"startAt":1788686371271,"status":"passed","title":"should send team member certificates individually to each member's participantEmail"}],"endTime":1788686372582,"message":"","name":"N:\\FestSphere\\backend\\tests\\integration\\team.certificate.test.js","startTime":1788686363455,"status":"passed","summary":""},{"assertionResults":[{"ancestorTitles":["Public Standalone Accommodation Flow Integration Tests","Requirement 1: Standalone Booking Creation"],"duration":110,"failing":false,"failureDetails":[],"failureMessages":[],"fullName":"Public Standalone Accommodation Flow Integration Tests Requirement 1: Standalone Booking Creation should successfully create a standalone public accommodation booking without event registration","invocations":1,"location":null,"numPassingAsserts":7,"retryReasons":[],"startAt":1788686377058,"status":"passed","title":"should successfully create a standalone public accommodation booking without event registration"},{"ancestorTitles":["Public Standalone Accommodation Flow Integration Tests","Requirement 1: Standalone Booking Creation"],"duration":32,"failing":false,"failureDetails":[],"failureMessages":[],"fullName":"Public Standalone Accommodation Flow Integration Tests Requirement 1: Standalone Booking Creation should reject booking if required fields are missing","invocations":1,"location":null,"numPassingAsserts":1,"retryReasons":[],"startAt":1788686377169,"status":"passed","title":"should reject booking if required fields are missing"},{"ancestorTitles":["Public Standalone Accommodation Flow Integration Tests","Requirement 2: Accommodation Guest Token Security & Retrieval"],"duration":50,"failing":false,"failureDetails":[],"failureMessages":[],"fullName":"Public Standalone Accommodation Flow Integration Tests Requirement 2: Accommodation Guest Token Security & Retrieval should allow fetching booking details using a valid X-Accommodation-Token","invocations":1,"location":null,"numPassingAsserts":3,"retryReasons":[],"startAt":1788686377201,"status":"passed","title":"should allow fetching booking details using a valid X-Accommodation-Token"},{"ancestorTitles":["Public Standalone Accommodation Flow Integration Tests","Requirement 2: Accommodation Guest Token Security & Retrieval"],"duration":59,"failing":false,"failureDetails":[],"failureMessages":[],"fullName":"Public Standalone Accommodation Flow Integration Tests Requirement 2: Accommodation Guest Token Security & Retrieval should reject fetching booking details with an invalid or missing token","invocations":1,"location":null,"numPassingAsserts":2,"retryReasons":[],"startAt":1788686377252,"status":"passed","title":"should reject fetching booking details with an invalid or missing token"},{"ancestorTitles":["Public Standalone Accommodation Flow Integration Tests","Requirement 3: Payment Screenshot Upload"],"duration":69,"failing":false,"failureDetails":[],"failureMessages":[],"fullName":"Public Standalone Accommodation Flow Integration Tests Requirement 3: Payment Screenshot Upload should allow uploading screenshot using a valid accommodation guest token","invocations":1,"location":null,"numPassingAsserts":4,"retryReasons":[],"startAt":1788686377311,"status":"passed","title":"should allow uploading screenshot using a valid accommodation guest token"},{"ancestorTitles":["Public Standalone Accommodation Flow Integration Tests","Requirement 3: Payment Screenshot Upload"],"duration":65,"failing":false,"failureDetails":[],"failureMessages":[],"fullName":"Public Standalone Accommodation Flow Integration Tests Requirement 3: Payment Screenshot Upload should reject uploading screenshot without valid token","invocations":1,"location":null,"numPassingAsserts":1,"retryReasons":[],"startAt":1788686377381,"status":"passed","title":"should reject uploading screenshot without valid token"},{"ancestorTitles":["Public Standalone Accommodation Flow Integration Tests","Requirement 3: Payment Screenshot Upload"],"duration":58,"failing":false,"failureDetails":[],"failureMessages":[],"fullName":"Public Standalone Accommodation Flow Integration Tests Requirement 3: Payment Screenshot Upload should reject uploading screenshot if booking is already paid","invocations":1,"location":null,"numPassingAsserts":2,"retryReasons":[],"startAt":1788686377446,"status":"passed","title":"should reject uploading screenshot if booking is already paid"},{"ancestorTitles":["Public Standalone Accommodation Flow Integration Tests","Requirement 4: Index Uniqueness and Multiple Standalone Bookings"],"duration":38,"failing":false,"failureDetails":[],"failureMessages":[],"fullName":"Public Standalone Accommodation Flow Integration Tests Requirement 4: Index Uniqueness and Multiple Standalone Bookings standalone booking A succeeds","invocations":1,"location":null,"numPassingAsserts":1,"retryReasons":[],"startAt":1788686377504,"status":"passed","title":"standalone booking A succeeds"},{"ancestorTitles":["Public Standalone Accommodation Flow Integration Tests","Requirement 4: Index Uniqueness and Multiple Standalone Bookings"],"duration":36,"failing":false,"failureDetails":[],"failureMessages":[],"fullName":"Public Standalone Accommodation Flow Integration Tests Requirement 4: Index Uniqueness and Multiple Standalone Bookings standalone booking B succeeds","invocations":1,"location":null,"numPassingAsserts":1,"retryReasons":[],"startAt":1788686377542,"status":"passed","title":"standalone booking B succeeds"},{"ancestorTitles":["Public Standalone Accommodation Flow Integration Tests","Requirement 4: Index Uniqueness and Multiple Standalone Bookings"],"duration":34,"failing":false,"failureDetails":[],"failureMessages":[],"fullName":"Public Standalone Accommodation Flow Integration Tests Requirement 4: Index Uniqueness and Multiple Standalone Bookings standalone booking C succeeds","invocations":1,"location":null,"numPassingAsserts":1,"retryReasons":[],"startAt":1788686377578,"status":"passed","title":"standalone booking C succeeds"},{"ancestorTitles":["Public Standalone Accommodation Flow Integration Tests","Requirement 4: Index Uniqueness and Multiple Standalone Bookings"],"duration":65,"failing":false,"failureDetails":[],"failureMessages":[],"fullName":"Public Standalone Accommodation Flow Integration Tests Requirement 4: Index Uniqueness and Multiple Standalone Bookings standalone bookings can all have null registration/teamMemberId","invocations":1,"location":null,"numPassingAsserts":7,"retryReasons":[],"startAt":1788686377613,"status":"passed","title":"standalone bookings can all have null registration/teamMemberId"},{"ancestorTitles":["Public Standalone Accommodation Flow Integration Tests","Requirement 4: Index Uniqueness and Multiple Standalone Bookings"],"duration":29,"failing":false,"failureDetails":[],"failureMessages":[],"fullName":"Public Standalone Accommodation Flow Integration Tests Requirement 4: Index Uniqueness and Multiple Standalone Bookings same event-linked registration + same teamMemberId is rejected","invocations":1,"location":null,"numPassingAsserts":0,"retryReasons":[],"startAt":1788686377679,"status":"passed","title":"same event-linked registration + same teamMemberId is rejected"},{"ancestorTitles":["Public Standalone Accommodation Flow Integration Tests","Requirement 4: Index Uniqueness and Multiple Standalone Bookings"],"duration":37,"failing":false,"failureDetails":[],"failureMessages":[],"fullName":"Public Standalone Accommodation Flow Integration Tests Requirement 4: Index Uniqueness and Multiple Standalone Bookings same registration + different teamMemberId succeeds","invocations":1,"location":null,"numPassingAsserts":1,"retryReasons":[],"startAt":1788686377709,"status":"passed","title":"same registration + different teamMemberId succeeds"},{"ancestorTitles":["Public Standalone Accommodation Flow Integration Tests","Requirement 4: Index Uniqueness and Multiple Standalone Bookings"],"duration":39,"failing":false,"failureDetails":[],"failureMessages":[],"fullName":"Public Standalone Accommodation Flow Integration Tests Requirement 4: Index Uniqueness and Multiple Standalone Bookings different registrations + same/null member identity do not conflict","invocations":1,"location":null,"numPassingAsserts":1,"retryReasons":[],"startAt":1788686377747,"status":"passed","title":"different registrations + same/null member identity do not conflict"}],"endTime":1788686378195,"message":"","name":"N:\\FestSphere\\backend\\tests\\integration\\public.accommodation.test.js","startTime":1788686372606,"status":"passed","summary":""},{"assertionResults":[{"ancestorTitles":["Public Registration Integration Tests","POST /api/v1/registrations/public"],"duration":278,"failing":false,"failureDetails":[],"failureMessages":[],"fullName":"Public Registration Integration Tests POST /api/v1/registrations/public should successfully register an individual guest","invocations":1,"location":null,"numPassingAsserts":4,"retryReasons":[],"startAt":1788686382721,"status":"passed","title":"should successfully register an individual guest"},{"ancestorTitles":["Public Registration Integration Tests","POST /api/v1/registrations/public"],"duration":104,"failing":false,"failureDetails":[],"failureMessages":[],"fullName":"Public Registration Integration Tests POST /api/v1/registrations/public should reject duplicate individual registrations for the same event","invocations":1,"location":null,"numPassingAsserts":2,"retryReasons":[],"startAt":1788686383000,"status":"passed","title":"should reject duplicate individual registrations for the same event"},{"ancestorTitles":["Public Registration Integration Tests","POST /api/v1/registrations/public"],"duration":102,"failing":false,"failureDetails":[],"failureMessages":[],"fullName":"Public Registration Integration Tests POST /api/v1/registrations/public should allow the same email to register for a DIFFERENT event","invocations":1,"location":null,"numPassingAsserts":1,"retryReasons":[],"startAt":1788686383104,"status":"passed","title":"should allow the same email to register for a DIFFERENT event"},{"ancestorTitles":["Public Registration Integration Tests","POST /api/v1/registrations/public"],"duration":90,"failing":false,"failureDetails":[],"failureMessages":[],"fullName":"Public Registration Integration Tests POST /api/v1/registrations/public should successfully register a team","invocations":1,"location":null,"numPassingAsserts":3,"retryReasons":[],"startAt":1788686383207,"status":"passed","title":"should successfully register a team"},{"ancestorTitles":["Public Registration Integration Tests","POST /api/v1/registrations/public"],"duration":85,"failing":false,"failureDetails":[],"failureMessages":[],"fullName":"Public Registration Integration Tests POST /api/v1/registrations/public should reject duplicate team names","invocations":1,"location":null,"numPassingAsserts":2,"retryReasons":[],"startAt":1788686383298,"status":"passed","title":"should reject duplicate team names"},{"ancestorTitles":["Public Registration Integration Tests","POST /api/v1/registrations/public"],"duration":94,"failing":false,"failureDetails":[],"failureMessages":[],"fullName":"Public Registration Integration Tests POST /api/v1/registrations/public should reject duplicate team leader","invocations":1,"location":null,"numPassingAsserts":2,"retryReasons":[],"startAt":1788686383383,"status":"passed","title":"should reject duplicate team leader"},{"ancestorTitles":["Public Registration Integration Tests","POST /api/v1/registrations/public"],"duration":57,"failing":false,"failureDetails":[],"failureMessages":[],"fullName":"Public Registration Integration Tests POST /api/v1/registrations/public should reject invalid/inactive events","invocations":1,"location":null,"numPassingAsserts":2,"retryReasons":[],"startAt":1788686383478,"status":"passed","title":"should reject invalid/inactive events"},{"ancestorTitles":["Public Registration Integration Tests","POST /api/v1/registrations/public"],"duration":58,"failing":false,"failureDetails":[],"failureMessages":[],"fullName":"Public Registration Integration Tests POST /api/v1/registrations/public should reject invalid data","invocations":1,"location":null,"numPassingAsserts":1,"retryReasons":[],"startAt":1788686383535,"status":"passed","title":"should reject invalid data"},{"ancestorTitles":["Public Registration Integration Tests","POST /api/v1/registrations/public"],"duration":75,"failing":false,"failureDetails":[],"failureMessages":[],"fullName":"Public Registration Integration Tests POST /api/v1/registrations/public should ignore client-manipulated amount payload and use server-defined pricing","invocations":1,"location":null,"numPassingAsserts":4,"retryReasons":[],"startAt":1788686383594,"status":"passed","title":"should ignore client-manipulated amount payload and use server-defined pricing"},{"ancestorTitles":["Public Registration Integration Tests","Admin Authorization Check"],"duration":53,"failing":false,"failureDetails":[],"failureMessages":[],"fullName":"Public Registration Integration Tests Admin Authorization Check should prevent unauthorized access to admin routes","invocations":1,"location":null,"numPassingAsserts":1,"retryReasons":[],"startAt":1788686383669,"status":"passed","title":"should prevent unauthorized access to admin routes"}],"endTime":1788686384951,"message":"","name":"N:\\FestSphere\\backend\\tests\\integration\\public.registration.test.js","startTime":1788686378207,"status":"passed","summary":""},{"assertionResults":[{"ancestorTitles":["Guest Payment Integration Tests"],"duration":254,"failing":false,"failureDetails":[],"failureMessages":[],"fullName":"Guest Payment Integration Tests should securely fetch registration status using guest token","invocations":1,"location":null,"numPassingAsserts":7,"retryReasons":[],"startAt":1788686388759,"status":"passed","title":"should securely fetch registration status using guest token"},{"ancestorTitles":["Guest Payment Integration Tests"],"duration":94,"failing":false,"failureDetails":[],"failureMessages":[],"fullName":"Guest Payment Integration Tests should securely submit payment screenshot using guest token","invocations":1,"location":null,"numPassingAsserts":5,"retryReasons":[],"startAt":1788686389015,"status":"passed","title":"should securely submit payment screenshot using guest token"},{"ancestorTitles":["Guest Payment Integration Tests"],"duration":79,"failing":false,"failureDetails":[],"failureMessages":[],"fullName":"Guest Payment Integration Tests should reject arbitrary non-Cloudinary screenshot URLs","invocations":1,"location":null,"numPassingAsserts":1,"retryReasons":[],"startAt":1788686389109,"status":"passed","title":"should reject arbitrary non-Cloudinary screenshot URLs"},{"ancestorTitles":["Guest Payment Integration Tests"],"duration":113,"failing":false,"failureDetails":[],"failureMessages":[],"fullName":"Guest Payment Integration Tests should fail cross-registration token authorization","invocations":1,"location":null,"numPassingAsserts":2,"retryReasons":[],"startAt":1788686389189,"status":"passed","title":"should fail cross-registration token authorization"},{"ancestorTitles":["Guest Payment Integration Tests"],"duration":80,"failing":false,"failureDetails":[],"failureMessages":[],"fullName":"Guest Payment Integration Tests should fail expired token authorization","invocations":1,"location":null,"numPassingAsserts":1,"retryReasons":[],"startAt":1788686389303,"status":"passed","title":"should fail expired token authorization"},{"ancestorTitles":["Guest Payment Integration Tests"],"duration":61,"failing":false,"failureDetails":[],"failureMessages":[],"fullName":"Guest Payment Integration Tests should securely store only the hashed token","invocations":1,"location":null,"numPassingAsserts":4,"retryReasons":[],"startAt":1788686389383,"status":"passed","title":"should securely store only the hashed token"},{"ancestorTitles":["Guest Payment Integration Tests"],"duration":106,"failing":false,"failureDetails":[],"failureMessages":[],"fullName":"Guest Payment Integration Tests should reject screenshot modification for terminal payments","invocations":1,"location":null,"numPassingAsserts":1,"retryReasons":[],"startAt":1788686389444,"status":"passed","title":"should reject screenshot modification for terminal payments"},{"ancestorTitles":["Guest Payment Integration Tests"],"duration":88,"failing":false,"failureDetails":[],"failureMessages":[],"fullName":"Guest Payment Integration Tests should prevent client from manipulating the payment amount","invocations":1,"location":null,"numPassingAsserts":1,"retryReasons":[],"startAt":1788686389551,"status":"passed","title":"should prevent client from manipulating the payment amount"},{"ancestorTitles":["Guest Payment Integration Tests"],"duration":136,"failing":false,"failureDetails":[],"failureMessages":[],"fullName":"Guest Payment Integration Tests should replace screenshot while still PENDING","invocations":1,"location":null,"numPassingAsserts":3,"retryReasons":[],"startAt":1788686389640,"status":"passed","title":"should replace screenshot while still PENDING"},{"ancestorTitles":["Guest Payment Integration Tests"],"duration":77,"failing":false,"failureDetails":[],"failureMessages":[],"fullName":"Guest Payment Integration Tests should not expose sensitive info in status response","invocations":1,"location":null,"numPassingAsserts":4,"retryReasons":[],"startAt":1788686389777,"status":"passed","title":"should not expose sensitive info in status response"},{"ancestorTitles":["Guest Payment Integration Tests"],"duration":43,"failing":false,"failureDetails":[],"failureMessages":[],"fullName":"Guest Payment Integration Tests should enforce admin authorization regression","invocations":1,"location":null,"numPassingAsserts":1,"retryReasons":[],"startAt":1788686389854,"status":"passed","title":"should enforce admin authorization regression"}],"endTime":1788686390518,"message":"","name":"N:\\FestSphere\\backend\\tests\\integration\\guest.payment.test.js","startTime":1788686384968,"status":"passed","summary":""}],"wasInterrupted":false}
